#separator \x09
#set_separator	,
#empty_field	(empty)
#unset_field	-
#path	telemetry
#open	2025-06-27-15-28-00
#fields	ts	peer	metric_type	name	labels	label_values	value
#types	time	string	string	string	vector[string]	vector[string]	double
1751030786.717324	zeek	gauge	process_resident_memory_bytes	(empty)	(empty)	0.0
1751030786.717324	zeek	gauge	process_virtual_memory_bytes	(empty)	(empty)	0.0
1751030786.717324	zeek	gauge	process_cpu_seconds	(empty)	(empty)	0.0
1751030786.717324	zeek	gauge	process_open_fds	(empty)	(empty)	0.0
1751030786.717324	zeek	counter	zeek_log_stream_writes_total	module,stream	LoadedScripts,LoadedScripts::LOG	511.0
1751030786.717324	zeek	counter	zeek_log_stream_writes_total	module,stream	PacketFilter,PacketFilter::LOG	1.0
1751030786.717324	zeek	counter	zeek_log_writer_writes_total	filter_name,module,path,stream,writer	default,LoadedScripts,loaded_scripts,LoadedScripts::LOG,Log::WRITER_ASCII	511.0
1751030786.717324	zeek	counter	zeek_log_writer_writes_total	filter_name,module,path,stream,writer	default,PacketFilter,packet_filter,PacketFilter::LOG,Log::WRITER_ASCII	1.0
1751030786.717324	zeek	counter	zeek_net_received_bytes_total	(empty)	(empty)	74.0
1751030786.717324	zeek	counter	zeek_net_received_packets_total	(empty)	(empty)	1.0
1751030786.717324	zeek	counter	zeek_event_handler_invocations_total	name	Broker::log_flush	1.0
1751030786.717324	zeek	counter	zeek_event_handler_invocations_total	name	filter_change_tracking	1.0
1751030786.717324	zeek	counter	zeek_event_handler_invocations_total	name	run_sync_hook	1.0
1751030786.717324	zeek	counter	zeek_event_handler_invocations_total	name	ChecksumOffloading::check	1.0
1751030786.717324	zeek	counter	zeek_event_handler_invocations_total	name	NetControl::init	1.0
1751030786.717324	zeek	counter	zeek_event_handler_invocations_total	name	zeek_script_loaded	511.0
1751030786.717324	zeek	counter	zeek_event_handler_invocations_total	name	Telemetry::log	1.0
1751030786.717324	zeek	counter	zeek_event_handler_invocations_total	name	grab_vulnerable_versions	1.0
1751030786.717324	zeek	counter	zeek_event_handler_invocations_total	name	zeek_init	1.0
1751030786.717324	zeek	counter	zeek_total_sessions_total	protocol	icmp	0.0
1751030786.717324	zeek	counter	zeek_total_sessions_total	protocol	udp	0.0
1751030786.717324	zeek	counter	zeek_total_sessions_total	protocol	tcp	1.0
1751030786.717324	zeek	gauge	zeek_version_info	beta,commit,debug,major,minor,patch,version_number,version_string	false,0,false,7,0,8,70008,7.0.8	1.0
1751030786.717324	zeek	gauge	zeek_active_sessions	protocol	icmp	0.0
1751030786.717324	zeek	gauge	zeek_active_sessions	protocol	udp	0.0
1751030786.717324	zeek	gauge	zeek_active_sessions	protocol	tcp	1.0
1751030786.806372	zeek	gauge	process_resident_memory_bytes	(empty)	(empty)	0.0
1751030786.806372	zeek	gauge	process_virtual_memory_bytes	(empty)	(empty)	0.0
1751030786.806372	zeek	gauge	process_cpu_seconds	(empty)	(empty)	0.0
1751030786.806372	zeek	gauge	process_open_fds	(empty)	(empty)	0.0
1751030786.806372	zeek	counter	zeek_log_stream_writes_total	module,stream	SSH,SSH::LOG	1.0
1751030786.806372	zeek	counter	zeek_log_stream_writes_total	module,stream	Conn,Conn::LOG	1.0
1751030786.806372	zeek	counter	zeek_log_stream_writes_total	module,stream	CaptureLoss,CaptureLoss::LOG	1.0
1751030786.806372	zeek	counter	zeek_log_stream_writes_total	module,stream	Known,Known::SERVICES_LOG	1.0
1751030786.806372	zeek	counter	zeek_log_stream_writes_total	module,stream	Software,Software::LOG	2.0
1751030786.806372	zeek	counter	zeek_log_stream_writes_total	module,stream	Known,Known::HOSTS_LOG	1.0
1751030786.806372	zeek	counter	zeek_log_stream_writes_total	module,stream	Stats,Stats::LOG	2.0
1751030786.806372	zeek	counter	zeek_log_stream_writes_total	module,stream	Telemetry,Telemetry::LOG	26.0
1751030786.806372	zeek	counter	zeek_log_stream_writes_total	module,stream	LoadedScripts,LoadedScripts::LOG	511.0
1751030786.806372	zeek	counter	zeek_log_stream_writes_total	module,stream	PacketFilter,PacketFilter::LOG	1.0
1751030786.806372	zeek	counter	zeek_log_writer_writes_total	filter_name,module,path,stream,writer	default,Conn,conn,Conn::LOG,Log::WRITER_ASCII	1.0
1751030786.806372	zeek	counter	zeek_log_writer_writes_total	filter_name,module,path,stream,writer	default,CaptureLoss,capture_loss,CaptureLoss::LOG,Log::WRITER_ASCII	1.0
1751030786.806372	zeek	counter	zeek_log_writer_writes_total	filter_name,module,path,stream,writer	default,SSH,ssh,SSH::LOG,Log::WRITER_ASCII	1.0
1751030786.806372	zeek	counter	zeek_log_writer_writes_total	filter_name,module,path,stream,writer	default,Software,software,Software::LOG,Log::WRITER_ASCII	2.0
1751030786.806372	zeek	counter	zeek_log_writer_writes_total	filter_name,module,path,stream,writer	default,Known,known_hosts,Known::HOSTS_LOG,Log::WRITER_ASCII	1.0
1751030786.806372	zeek	counter	zeek_log_writer_writes_total	filter_name,module,path,stream,writer	default,Known,known_services,Known::SERVICES_LOG,Log::WRITER_ASCII	1.0
1751030786.806372	zeek	counter	zeek_log_writer_writes_total	filter_name,module,path,stream,writer	default,Stats,stats,Stats::LOG,Log::WRITER_ASCII	2.0
1751030786.806372	zeek	counter	zeek_log_writer_writes_total	filter_name,module,path,stream,writer	default,Telemetry,telemetry,Telemetry::LOG,Log::WRITER_ASCII	26.0
1751030786.806372	zeek	counter	zeek_log_writer_writes_total	filter_name,module,path,stream,writer	default,LoadedScripts,loaded_scripts,LoadedScripts::LOG,Log::WRITER_ASCII	511.0
1751030786.806372	zeek	counter	zeek_log_writer_writes_total	filter_name,module,path,stream,writer	default,PacketFilter,packet_filter,PacketFilter::LOG,Log::WRITER_ASCII	1.0
1751030786.806372	zeek	counter	zeek_net_received_bytes_total	(empty)	(empty)	7035.0
1751030786.806372	zeek	counter	zeek_net_received_packets_total	(empty)	(empty)	29.0
1751030786.806372	zeek	counter	zeek_event_handler_invocations_total	name	ssh_auth_failed	1.0
1751030786.806372	zeek	counter	zeek_event_handler_invocations_total	name	ssh_client_version	1.0
1751030786.806372	zeek	counter	zeek_event_handler_invocations_total	name	service_info_commit	1.0
1751030786.806372	zeek	counter	zeek_event_handler_invocations_total	name	check_stats	2.0
1751030786.806372	zeek	counter	zeek_event_handler_invocations_total	name	CaptureLoss::take_measurement	2.0
1751030786.806372	zeek	counter	zeek_event_handler_invocations_total	name	ssh_server_host_key	1.0
1751030786.806372	zeek	counter	zeek_event_handler_invocations_total	name	new_connection	1.0
1751030786.806372	zeek	counter	zeek_event_handler_invocations_total	name	zeek_script_loaded	511.0
1751030786.806372	zeek	counter	zeek_event_handler_invocations_total	name	Software::register	2.0
1751030786.806372	zeek	counter	zeek_event_handler_invocations_total	name	known_service_add	1.0
1751030786.806372	zeek	counter	zeek_event_handler_invocations_total	name	Broker::log_flush	2.0
1751030786.806372	zeek	counter	zeek_event_handler_invocations_total	name	SumStats::finish_epoch	6.0
1751030786.806372	zeek	counter	zeek_event_handler_invocations_total	name	Software::log_software	2.0
1751030786.806372	zeek	counter	zeek_event_handler_invocations_total	name	filter_change_tracking	3.0
1751030786.806372	zeek	counter	zeek_event_handler_invocations_total	name	Software::new	2.0
1751030786.806372	zeek	counter	zeek_event_handler_invocations_total	name	run_sync_hook	2.0
1751030786.806372	zeek	counter	zeek_event_handler_invocations_total	name	grab_vulnerable_versions	3.0
1751030786.806372	zeek	counter	zeek_event_handler_invocations_total	name	ssh_capabilities	2.0
1751030786.806372	zeek	counter	zeek_event_handler_invocations_total	name	NetControl::init	1.0
1751030786.806372	zeek	counter	zeek_event_handler_invocations_total	name	Telemetry::log	2.0
1751030786.806372	zeek	counter	zeek_event_handler_invocations_total	name	ChecksumOffloading::check	2.0
1751030786.806372	zeek	counter	zeek_event_handler_invocations_total	name	zeek_init	1.0
1751030786.806372	zeek	counter	zeek_event_handler_invocations_total	name	analyzer_confirmation_info	1.0
1751030786.806372	zeek	counter	zeek_event_handler_invocations_total	name	connection_established	1.0
1751030786.806372	zeek	counter	zeek_event_handler_invocations_total	name	Known::host_found	1.0
1751030786.806372	zeek	counter	zeek_event_handler_invocations_total	name	known_host_add	1.0
1751030786.806372	zeek	counter	zeek_event_handler_invocations_total	name	ssh_server_version	1.0
1751030786.806372	zeek	counter	zeek_event_handler_invocations_total	name	ssh_auth_attempted	1.0
1751030786.806372	zeek	counter	zeek_event_handler_invocations_total	name	zeek_done	1.0
1751030786.806372	zeek	counter	zeek_event_handler_invocations_total	name	net_done	1.0
1751030786.806372	zeek	counter	zeek_event_handler_invocations_total	name	connection_state_remove	1.0
1751030786.806372	zeek	counter	zeek_total_sessions_total	protocol	icmp	0.0
1751030786.806372	zeek	counter	zeek_total_sessions_total	protocol	udp	0.0
1751030786.806372	zeek	counter	zeek_total_sessions_total	protocol	tcp	1.0
1751030786.806372	zeek	gauge	zeek_version_info	beta,commit,debug,major,minor,patch,version_number,version_string	false,0,false,7,0,8,70008,7.0.8	1.0
1751030786.806372	zeek	gauge	zeek_active_sessions	protocol	icmp	0.0
1751030786.806372	zeek	gauge	zeek_active_sessions	protocol	udp	0.0
1751030786.806372	zeek	gauge	zeek_active_sessions	protocol	tcp	1.0
#close	2025-06-27-15-28-00
